Enter Start: 0
Enter Stop: 100
0.000000        -17.777778
5.000000        -15.000000
10.000000       -12.222222
15.000000       -9.444444
20.000000       -6.666667
25.000000       -3.888889
30.000000       -1.111111
35.000000       1.666667
40.000000       4.444444
45.000000       7.222222
50.000000       10.000000
55.000000       12.777778
60.000000       15.555556
65.000000       18.333333
70.000000       21.111111
75.000000       23.888889
80.000000       26.666667
85.000000       29.444444
90.000000       32.222222
95.000000       35.000000
100.000000      37.777778
Enter Start: 45
Enter Stop: 55
45.000000       7.222222
50.000000       10.000000
55.000000       12.777778
Enter Start: 42
Enter Stop: 42

